frameworks/runtime-src/proj.android/app/build/intermediates/manifest_merge_blame_file/debug/manifest-merger-blame-debug-report.txt
1<?xml version="1.0" encoding="utf-8"?>
2<manifest xmlns:android="http://schemas.android.com/apk/res/android"
3    package="com.jj.empty"
4    android:installLocation="auto"
5    android:versionCode="1"
6    android:versionName="1.0" >
7
8    <uses-sdk
9        android:minSdkVersion="17"
9-->src\main\AndroidManifest.xml
10        android:targetSdkVersion="28" />
10-->src\main\AndroidManifest.xml
11
12    <uses-feature android:glEsVersion="0x00020000" />
12-->src\main\AndroidManifest.xml:8:5-54
12-->src\main\AndroidManifest.xml:8:19-51
13
14    <supports-screens
14-->src\main\AndroidManifest.xml:28:5-32:53
15        android:anyDensity="true"
15-->src\main\AndroidManifest.xml:28:23-48
16        android:largeScreens="true"
16-->src\main\AndroidManifest.xml:31:23-50
17        android:normalScreens="true"
17-->src\main\AndroidManifest.xml:30:23-51
18        android:smallScreens="true"
18-->src\main\AndroidManifest.xml:29:23-50
19        android:xlargeScreens="true" />
19-->src\main\AndroidManifest.xml:32:23-51
20
21    <uses-permission android:name="android.permission.INTERNET" />
21-->src\main\AndroidManifest.xml:33:5-66
21-->src\main\AndroidManifest.xml:33:22-64
22    <uses-permission android:name="android.permission.CHANGE_NETWORK_STATE" />
22-->src\main\AndroidManifest.xml:34:5-78
22-->src\main\AndroidManifest.xml:34:22-76
23    <uses-permission android:name="android.permission.CHANGE_WIFI_STATE" />
23-->src\main\AndroidManifest.xml:35:5-75
23-->src\main\AndroidManifest.xml:35:22-73
24    <uses-permission android:name="android.permission.ACCESS_NETWORK_STATE" />
24-->src\main\AndroidManifest.xml:36:5-78
24-->src\main\AndroidManifest.xml:36:22-76
25    <uses-permission android:name="android.permission.ACCESS_WIFI_STATE" />
25-->src\main\AndroidManifest.xml:37:5-75
25-->src\main\AndroidManifest.xml:37:22-73
26    <uses-permission android:name="android.permission.MOUNT_UNMOUNT_FILESYSTEMS" />
26-->src\main\AndroidManifest.xml:39:4-82
26-->src\main\AndroidManifest.xml:39:21-80
27    <uses-permission android:name="android.permission.WRITE_EXTERNAL_STORAGE" />
27-->src\main\AndroidManifest.xml:40:3-78
27-->src\main\AndroidManifest.xml:40:20-76
28    <uses-permission android:name="android.permission.READ_PHONE_STATE" />
28-->src\main\AndroidManifest.xml:41:3-72
28-->src\main\AndroidManifest.xml:41:20-70
29
30    <application
30-->src\main\AndroidManifest.xml:10:5-26:19
31        android:debuggable="true"
32        android:icon="@drawable/icon"
32-->src\main\AndroidManifest.xml:12:18-47
33        android:label="@string/app_name"
33-->src\main\AndroidManifest.xml:10:18-50
34        android:testOnly="true"
35        android:usesCleartextTraffic="true" >
35-->src\main\AndroidManifest.xml:11:18-53
36        <activity
36-->src\main\AndroidManifest.xml:14:3-25:20
37            android:name="org.cocos2dx.lua.AppActivity"
37-->src\main\AndroidManifest.xml:14:13-56
38            android:configChanges="orientation|keyboardHidden|screenSize"
38-->src\main\AndroidManifest.xml:18:4-65
39            android:label="@string/app_name"
39-->src\main\AndroidManifest.xml:15:4-36
40            android:launchMode="singleTask"
40-->src\main\AndroidManifest.xml:19:4-35
41            android:screenOrientation="portrait"
41-->src\main\AndroidManifest.xml:16:4-40
42            android:taskAffinity=""
42-->src\main\AndroidManifest.xml:20:4-27
43            android:theme="@android:style/Theme.NoTitleBar.Fullscreen" >
43-->src\main\AndroidManifest.xml:17:4-62
44            <intent-filter>
44-->src\main\AndroidManifest.xml:21:13-24:29
45                <action android:name="android.intent.action.MAIN" />
45-->src\main\AndroidManifest.xml:22:17-69
45-->src\main\AndroidManifest.xml:22:25-66
46
47                <category android:name="android.intent.category.LAUNCHER" />
47-->src\main\AndroidManifest.xml:23:17-77
47-->src\main\AndroidManifest.xml:23:27-74
48            </intent-filter>
49        </activity>
50
51        <meta-data
51-->[com.android.support:support-v4:26.1.0] AndroidManifest.xml:26:9-28:38
52            android:name="android.support.VERSION"
52-->[com.android.support:support-v4:26.1.0] AndroidManifest.xml:27:13-51
53            android:value="26.1.0" />
53-->[com.android.support:support-v4:26.1.0] AndroidManifest.xml:28:13-35
54        <meta-data
54-->[android.arch.lifecycle:runtime:1.0.0] AndroidManifest.xml:25:9-27:47
55            android:name="android.arch.lifecycle.VERSION"
55-->[android.arch.lifecycle:runtime:1.0.0] AndroidManifest.xml:26:13-58
56            android:value="27.0.0-SNAPSHOT" />
56-->[android.arch.lifecycle:runtime:1.0.0] AndroidManifest.xml:27:13-44
57    </application>
58
59</manifest>